Flow report for Lab1_FPGA_RTL
Wed Sep  8 14:38:54 2021
Quartus Prime Version 19.1.0 Build 670 09/22/2019 SJ Standard Edition


---------------------
; Table of Contents ;
---------------------
  1. Legal Notice
  2. Flow Summary
  3. Flow Settings
  4. Flow Non-Default Global Settings
  5. Flow Elapsed Time
  6. Flow OS Summary
  7. Flow Log
  8. Flow Messages
  9. Flow Suppressed Messages



----------------
; Legal Notice ;
----------------
Copyright (C) 2019  Intel Corporation. All rights reserved.
Your use of Intel Corporation's design tools, logic functions 
and other software and tools, and any partner logic 
functions, and any output files from any of the foregoing 
(including device programming or simulation files), and any 
associated documentation or information are expressly subject 
to the terms and conditions of the Intel Program License 
Subscription Agreement, the Intel Quartus Prime License Agreement,
the Intel FPGA IP License Agreement, or other applicable license
agreement, including, without limitation, that your use is for
the sole purpose of programming logic devices manufactured by
Intel and sold by Intel or its authorized distributors.  Please
refer to the applicable agreement for further details, at
https://fpgasoftware.intel.com/eula.



+-----------------------------------------------------------------------------------+
; Flow Summary                                                                      ;
+---------------------------------+-------------------------------------------------+
; Flow Status                     ; Successful - Wed Sep  8 14:38:54 2021           ;
; Quartus Prime Version           ; 19.1.0 Build 670 09/22/2019 SJ Standard Edition ;
; Revision Name                   ; Lab1_FPGA_RTL                                   ;
; Top-level Entity Name           ; LAB1_FPGA_RTL                                   ;
; Family                          ; Cyclone V                                       ;
; Device                          ; 5CSXFC6D6F31C6                                  ;
; Timing Models                   ; Final                                           ;
; Logic utilization (in ALMs)     ; 679 / 41,910 ( 2 % )                            ;
; Total registers                 ; 964                                             ;
; Total pins                      ; 7 / 499 ( 1 % )                                 ;
; Total virtual pins              ; 0                                               ;
; Total block memory bits         ; 273,408 / 5,662,720 ( 5 % )                     ;
; Total DSP Blocks                ; 0 / 112 ( 0 % )                                 ;
; Total HSSI RX PCSs              ; 0 / 9 ( 0 % )                                   ;
; Total HSSI PMA RX Deserializers ; 0 / 9 ( 0 % )                                   ;
; Total HSSI TX PCSs              ; 0 / 9 ( 0 % )                                   ;
; Total HSSI PMA TX Serializers   ; 0 / 9 ( 0 % )                                   ;
; Total PLLs                      ; 0 / 15 ( 0 % )                                  ;
; Total DLLs                      ; 0 / 4 ( 0 % )                                   ;
+---------------------------------+-------------------------------------------------+


+-----------------------------------------+
; Flow Settings                           ;
+-------------------+---------------------+
; Option            ; Setting             ;
+-------------------+---------------------+
; Start date & time ; 09/08/2021 14:32:18 ;
; Main task         ; Compilation         ;
; Revision Name     ; Lab1_FPGA_RTL       ;
+-------------------+---------------------+


+--------------------------------------------------------------------------------------------------------------------------------------------------------------------+
; Flow Non-Default Global Settings                                                                                                                                   ;
+-------------------------------------+------------------------------------------------------------+---------------+-------------+-----------------------------------+
; Assignment Name                     ; Value                                                      ; Default Value ; Entity Name ; Section Id                        ;
+-------------------------------------+------------------------------------------------------------+---------------+-------------+-----------------------------------+
; COMPILER_SIGNATURE_ID               ; 52243670278.163113673821690                                ; --            ; --          ; --                                ;
; EDA_GENERATE_FUNCTIONAL_NETLIST     ; Off                                                        ; --            ; --          ; eda_board_design_timing           ;
; EDA_GENERATE_FUNCTIONAL_NETLIST     ; Off                                                        ; --            ; --          ; eda_board_design_boundary_scan    ;
; EDA_GENERATE_FUNCTIONAL_NETLIST     ; Off                                                        ; --            ; --          ; eda_board_design_signal_integrity ;
; EDA_GENERATE_FUNCTIONAL_NETLIST     ; Off                                                        ; --            ; --          ; eda_board_design_symbol           ;
; EDA_OUTPUT_DATA_FORMAT              ; Verilog Hdl                                                ; --            ; --          ; eda_simulation                    ;
; EDA_SIMULATION_TOOL                 ; ModelSim-Altera (Verilog)                                  ; <None>        ; --          ; --                                ;
; EDA_TIME_SCALE                      ; 1 ps                                                       ; --            ; --          ; eda_simulation                    ;
; MAX_CORE_JUNCTION_TEMP              ; 85                                                         ; --            ; --          ; --                                ;
; MIN_CORE_JUNCTION_TEMP              ; 0                                                          ; --            ; --          ; --                                ;
; MISC_FILE                           ; niosLab2/synthesis/../niosLab2.cmp                         ; --            ; --          ; --                                ;
; MISC_FILE                           ; niosLab2/synthesis/../../niosLab2.qsys                     ; --            ; --          ; --                                ;
; PARTITION_COLOR                     ; -- (Not supported for targeted family)                     ; --            ; --          ; Top                               ;
; PARTITION_FITTER_PRESERVATION_LEVEL ; -- (Not supported for targeted family)                     ; --            ; --          ; Top                               ;
; PARTITION_NETLIST_TYPE              ; -- (Not supported for targeted family)                     ; --            ; --          ; Top                               ;
; POWER_BOARD_THERMAL_MODEL           ; None (CONSERVATIVE)                                        ; --            ; --          ; --                                ;
; POWER_PRESET_COOLING_SOLUTION       ; 23 MM HEAT SINK WITH 200 LFPM AIRFLOW                      ; --            ; --          ; --                                ;
; PROJECT_OUTPUT_DIRECTORY            ; output_files                                               ; --            ; --          ; --                                ;
; SLD_FILE                            ; niosLab2/synthesis/niosLab2.regmap                         ; --            ; --          ; --                                ;
; SLD_FILE                            ; niosLab2/synthesis/niosLab2.debuginfo                      ; --            ; --          ; --                                ;
; SLD_INFO                            ; QSYS_NAME niosLab2 HAS_SOPCINFO 1 GENERATION_ID 1630364756 ; --            ; niosLab2    ; --                                ;
; SOPCINFO_FILE                       ; niosLab2/synthesis/../../niosLab2.sopcinfo                 ; --            ; --          ; --                                ;
; SYNTHESIS_ONLY_QIP                  ; On                                                         ; --            ; --          ; --                                ;
+-------------------------------------+------------------------------------------------------------+---------------+-------------+-----------------------------------+


+--------------------------------------------------------------------------------------------------------------------------+
; Flow Elapsed Time                                                                                                        ;
+----------------------+--------------+-------------------------+---------------------+------------------------------------+
; Module Name          ; Elapsed Time ; Average Processors Used ; Peak Virtual Memory ; Total CPU Time (on all processors) ;
+----------------------+--------------+-------------------------+---------------------+------------------------------------+
; Analysis & Synthesis ; 00:01:09     ; 1.0                     ; 1118 MB             ; 00:00:35                           ;
; Fitter               ; 00:03:07     ; 1.1                     ; 2225 MB             ; 00:02:17                           ;
; Assembler            ; 00:01:18     ; 1.0                     ; 987 MB              ; 00:00:09                           ;
; Timing Analyzer      ; 00:00:46     ; 1.4                     ; 1236 MB             ; 00:00:12                           ;
; EDA Netlist Writer   ; 00:00:40     ; 1.0                     ; 1137 MB             ; 00:00:04                           ;
; Total                ; 00:07:00     ; --                      ; --                  ; 00:03:17                           ;
+----------------------+--------------+-------------------------+---------------------+------------------------------------+


+----------------------------------------------------------------------------------------+
; Flow OS Summary                                                                        ;
+----------------------+------------------+----------------+------------+----------------+
; Module Name          ; Machine Hostname ; OS Name        ; OS Version ; Processor type ;
+----------------------+------------------+----------------+------------+----------------+
; Analysis & Synthesis ; ubuntu           ; Ubuntu 20.04.3 ; 20         ; x86_64         ;
; Fitter               ; ubuntu           ; Ubuntu 20.04.3 ; 20         ; x86_64         ;
; Assembler            ; ubuntu           ; Ubuntu 20.04.3 ; 20         ; x86_64         ;
; Timing Analyzer      ; ubuntu           ; Ubuntu 20.04.3 ; 20         ; x86_64         ;
; EDA Netlist Writer   ; ubuntu           ; Ubuntu 20.04.3 ; 20         ; x86_64         ;
+----------------------+------------------+----------------+------------+----------------+


------------
; Flow Log ;
------------
quartus_map --read_settings_files=on --write_settings_files=off Lab1_FPGA_RTL -c Lab1_FPGA_RTL
quartus_fit --read_settings_files=off --write_settings_files=off Lab1_FPGA_RTL -c Lab1_FPGA_RTL
quartus_asm --read_settings_files=off --write_settings_files=off Lab1_FPGA_RTL -c Lab1_FPGA_RTL
quartus_sta Lab1_FPGA_RTL -c Lab1_FPGA_RTL
quartus_eda --read_settings_files=off --write_settings_files=off Lab1_FPGA_RTL -c Lab1_FPGA_RTL



